<?xml version="1.0" encoding="UTF-8"?>
<testng-results skipped="0" failed="0" ignored="0" total="1" passed="1">
  <reporter-output>
  </reporter-output>
  <suite name="Default suite" duration-ms="90" started-at="2022-07-07T11:25:05 IST" finished-at="2022-07-07T11:25:05 IST">
    <groups>
    </groups>
    <test name="Default test" duration-ms="90" started-at="2022-07-07T11:25:05 IST" finished-at="2022-07-07T11:25:05 IST">
      <class name="com.testng.TestNG.Test1">
        <test-method status="PASS" signature="subMethod()[pri:0, instance:com.testng.TestNG.Test1@15d0c81b]" name="subMethod" duration-ms="13" started-at="2022-07-07T11:25:05 IST" finished-at="2022-07-07T11:25:05 IST">
          <reporter-output>
          </reporter-output>
        </test-method> <!-- subMethod -->
      </class> <!-- com.testng.TestNG.Test1 -->
    </test> <!-- Default test -->
  </suite> <!-- Default suite -->
</testng-results>
